# JRE version: Java(TM) SE Runtime Environment (18.0.2.1+1) (build 18.0.2.1+1-1)
# Java VM: Java HotSpot(TM) 64-Bit Server VM (18.0.2.1+1-1, mixed mode, sharing, tiered, compressed oops, compressed class ptrs, g1 gc, windows-amd64)
GC Precious Log:
 CardTable entry size: 512
 Card Set container configuration: InlinePtr #cards 4 size 8 Array Of Cards #cards 32 size 80 Howl #buckets 8 coarsen threshold 7372 Howl Bitmap #cards 1024 size 144 coarsen threshold 921 Card regions per heap region 1 cards per card region 8192
 CPUs: 16 total, 16 available
 Memory: 31887M
 Large Page Support: Disabled
 NUMA Support: Disabled
 Compressed Oops: Enabled (Zero based)
 Heap Region Size: 4M
 Heap Min Capacity: 8M
 Heap Initial Capacity: 500M
 Heap Max Capacity: 7972M
 Pre-touch: Disabled
 Parallel Workers: 13
 Concurrent Workers: 3
 Concurrent Refinement Workers: 13
 Periodic GC: Disabled
Heap:
 garbage-first heap   total 69632K, used 10141K [0x000000060dc00000, 0x0000000800000000)
  region size 4096K, 3 young (12288K), 2 survivors (8192K)
 Metaspace       used 21399K, committed 21760K, reserved 1114112K
  class space    used 2196K, committed 2368K, reserved 1048576K
GC Heap History (6 events):
Event: 0.332 GC heap before
{Heap before GC invocations=0 (full 0):
 garbage-first heap   total 512000K, used 20480K [0x000000060dc00000, 0x0000000800000000)
  region size 4096K, 6 young (24576K), 0 survivors (0K)
 Metaspace       used 7303K, committed 7616K, reserved 1114112K
  class space    used 806K, committed 960K, reserved 1048576K
}
Event: 0.334 GC heap after
{Heap after GC invocations=1 (full 0):
 garbage-first heap   total 512000K, used 5422K [0x000000060dc00000, 0x0000000800000000)
  region size 4096K, 1 young (4096K), 1 survivors (4096K)
 Metaspace       used 7303K, committed 7616K, reserved 1114112K
  class space    used 806K, committed 960K, reserved 1048576K
}
Event: 4.617 GC heap before
{Heap before GC invocations=1 (full 0):
 garbage-first heap   total 512000K, used 34094K [0x000000060dc00000, 0x0000000800000000)
  region size 4096K, 8 young (32768K), 1 survivors (4096K)
 Metaspace       used 16703K, committed 16960K, reserved 1114112K
  class space    used 1739K, committed 1856K, reserved 1048576K
}
Event: 4.620 GC heap after
{Heap after GC invocations=2 (full 0):
 garbage-first heap   total 512000K, used 9084K [0x000000060dc00000, 0x0000000800000000)
  region size 4096K, 1 young (4096K), 1 survivors (4096K)
 Metaspace       used 16703K, committed 16960K, reserved 1114112K
  class space    used 1739K, committed 1856K, reserved 1048576K
}
Event: 5.001 GC heap before
{Heap before GC invocations=2 (full 0):
 garbage-first heap   total 512000K, used 41852K [0x000000060dc00000, 0x0000000800000000)
  region size 4096K, 10 young (40960K), 1 survivors (4096K)
 Metaspace       used 21225K, committed 21504K, reserved 1114112K
  class space    used 2172K, committed 2304K, reserved 1048576K
}
Event: 5.003 GC heap after
{Heap after GC invocations=3 (full 0):
 garbage-first heap   total 512000K, used 10141K [0x000000060dc00000, 0x0000000800000000)
  region size 4096K, 2 young (8192K), 2 survivors (8192K)
 Metaspace       used 21225K, committed 21504K, reserved 1114112K
  class space    used 2172K, committed 2304K, reserved 1048576K
}

